Arguments: 
  /usr/local/bin/node /usr/local/Cellar/yarn/1.3.2/libexec/bin/yarn.js add body-parser express moment mongoose morgan --save

PATH: 
  /Users/jcmagsay/bin:/usr/local/bin:/usr/local/bin:/usr/bin:/bin:/usr/sbin:/sbin

Yarn version: 
  1.3.2

Node version: 
  6.11.5

Platform: 
  darwin x64

npm manifest: 
  {
    "name": "jillian-magsaysay-api",
    "version": "1.0.0",
    "description": "Jillian Magsaysay Peronal Website API",
    "main": "index.js",
    "scripts": {
      "build": "webpack -p",
      "heroku-postbuild": "npm run build",
      "start:dev": "webpack-dev-server --port 8080 --hot --host 0.0.0.0",
      "start": "node src/server/server.js",
      "start:db": "mongod --dbpath data/db"
    },
    "repository": {
      "type": "git",
      "url": "https://github.com/jcmagsay/jillianmagsaysay-api.git"
    },
    "engines": {
      "node": "6",
      "npm": "3"
    },
    "author": "Jill Magsaysay",
    "license": "ISC",
    "bugs": {
      "url": "https://github.com/jcmagsay/jillianmagsaysay-api/issues"
    },
    "dependencies": {
      "babel": "^6.23.0",
      "babel-cli": "^6.26.0",
      "babel-core": "6.24.0",
      "babel-loader": "6.4.1",
      "babel-preset-es2015": "^6.24.1",
      "babel-preset-react": "6.23.0",
      "babel-preset-stage-0": "^6.24.1",
      "dotenv": "4.0.0",
      "mongodb": "^2.2.33",
      "mongoose": "^4.13.0",
      "morgan": "^1.9.0",
      "path": "0.12.7",
    },
    "devDependencies": {
      "babel-eslint": "7.1.1",
      "eslint": "3.11.1"
    }
  }

yarn manifest: 
  No manifest

Lockfile: 
  No lockfile

Trace: 
  SyntaxError: /Users/jcmagsay/playground/api/package.json: Unexpected token } in JSON at position 1045
      at Object.parse (native)
      at /usr/local/Cellar/yarn/1.3.2/libexec/lib/cli.js:770:59
      at next (native)
      at step (/usr/local/Cellar/yarn/1.3.2/libexec/lib/cli.js:92:30)
      at /usr/local/Cellar/yarn/1.3.2/libexec/lib/cli.js:103:13
